2025-12-11T15:21:50.937Z  INFO 34495 --- [Lavalink] [main] lavalink.server.Launcher                 : Starting Launcher v4.0.8 using Java 21.0.9 with PID 34495 (/workspaces/lavalink-server/Lavalink.jar started by codespace in /workspaces/lavalink-server)
2025-12-11T15:21:51.132Z  INFO 34495 --- [Lavalink] [main] lavalink.server.Launcher                 : No active profile set, falling back to 1 default profile: "default"
2025-12-11T15:21:53.844Z  INFO 34495 --- [Lavalink] [main] l.server.bootstrap.PluginManager         : Downloading https://maven.lavalink.dev/releases/com/dunctebot/skybot-lavalink-plugin/1.7.0/skybot-lavalink-plugin-1.7.0.jar
2025-12-11T15:21:57.386Z  INFO 34495 --- [Lavalink] [main] l.server.bootstrap.PluginManager         : Downloading https://maven.lavalink.dev/releases/com/github/topi314/lavasearch/lavasearch-plugin/1.0.0/lavasearch-plugin-1.0.0.jar
2025-12-11T15:21:57.994Z  INFO 34495 --- [Lavalink] [main] l.server.bootstrap.PluginManager         : Downloading https://maven.lavalink.dev/releases/com/github/topi314/lavalyrics/lavalyrics-plugin/1.0.0/lavalyrics-plugin-1.0.0.jar
2025-12-11T15:21:58.783Z  INFO 34495 --- [Lavalink] [main] l.server.bootstrap.PluginManager         : Downloading https://maven.lavalink.dev/releases/com/github/topi314/lavasrc/lavasrc-plugin/4.3.0/lavasrc-plugin-4.3.0.jar
2025-12-11T15:22:00.025Z  INFO 34495 --- [Lavalink] [main] l.server.bootstrap.PluginManager         : Downloading https://maven.lavalink.dev/releases/com/github/topi314/sponsorblock/sponsorblock-plugin/3.0.1/sponsorblock-plugin-3.0.1.jar
2025-12-11T15:22:00.908Z  INFO 34495 --- [Lavalink] [main] l.server.bootstrap.PluginManager         : Downloading https://maven.lavalink.dev/releases/dev/lavalink/youtube/youtube-plugin/1.11.2/youtube-plugin-1.11.2.jar
2025-12-11T15:22:01.707Z  INFO 34495 --- [Lavalink] [main] l.server.bootstrap.PluginManager         : Loaded skybot-lavalink-plugin-1.7.0.jar (4 classes)
2025-12-11T15:22:01.730Z  INFO 34495 --- [Lavalink] [main] l.server.bootstrap.PluginManager         : Loaded youtube-plugin-1.11.2.jar (16 classes)
2025-12-11T15:22:02.125Z  INFO 34495 --- [Lavalink] [main] l.server.bootstrap.PluginManager         : Loaded lavasrc-plugin-4.3.0.jar (168 classes)
2025-12-11T15:22:02.143Z  INFO 34495 --- [Lavalink] [main] l.server.bootstrap.PluginManager         : Loaded lavasearch-plugin-1.0.0.jar (20 classes)
2025-12-11T15:22:02.162Z  INFO 34495 --- [Lavalink] [main] l.server.bootstrap.PluginManager         : Loaded lavalyrics-plugin-1.0.0.jar (23 classes)
2025-12-11T15:22:02.232Z  INFO 34495 --- [Lavalink] [main] l.server.bootstrap.PluginManager         : Loaded sponsorblock-plugin-3.0.1.jar (90 classes)
2025-12-11T15:22:02.924Z  INFO 34495 --- [Lavalink] [main] lavalink.server.Launcher                 : Started Launcher in 13.583 seconds (process running for 14.47)
2025-12-11T15:22:03.075Z  INFO 34495 --- [Lavalink] [main] lavalink.server.Launcher                 : 

[32m       .  [31m _                  _ _       _    [32m__ _ _
[32m      /\\ [31m| | __ ___   ____ _| (_)_ __ | | __[32m\ \ \ \
[32m     ( ( )[31m| |/ _` \ \ / / _` | | | '_ \| |/ /[32m \ \ \ \
[32m      \\/ [31m| | (_| |\ V / (_| | | | | | |   < [32m  ) ) ) )
[32m       '  [31m|_|\__,_| \_/ \__,_|_|_|_| |_|_|\_\[32m / / / /
[0m    =========================================[32m/_/_/_/[0m

	Version:        4.0.8
	Build time:     20.09.2024 20:20:10 UTC
	Branch          HEAD
	Commit:         2946608
	Commit time:    20.09.2024 20:17:58 UTC
	JVM:            21.0.9
	Lavaplayer      2.2.2

2025-12-11T15:22:03.100Z  INFO 34495 --- [Lavalink] [main] lavalink.server.Launcher                 : No active profile set, falling back to 1 default profile: "default"
2025-12-11T15:22:04.805Z  WARN 34495 --- [Lavalink] [main] io.undertow.websockets.jsr               : UT026010: Buffer pool was not set on WebSocketDeploymentInfo, the default pool will be used
2025-12-11T15:22:04.850Z  INFO 34495 --- [Lavalink] [main] io.undertow.servlet                      : Initializing Spring embedded WebApplicationContext
2025-12-11T15:22:04.854Z  INFO 34495 --- [Lavalink] [main] w.s.c.ServletWebServerApplicationContext : Root WebApplicationContext: initialization completed in 1747 ms
2025-12-11T15:22:05.763Z  INFO 34495 --- [Lavalink] [main] dev.lavalink.youtube.plugin.PluginInfo   : ********************************************
YOUTUBE-SOURCE VERSION 1.16.0 AVAILABLE
https://github.com/lavalink-devs/youtube-source/releases/tag/1.16.0
Update to ensure the YouTube source remains operational!
********************************************
2025-12-11T15:22:05.831Z  INFO 34495 --- [Lavalink] [main] c.g.t.lavasrc.plugin.LavaSrcPlugin       : Loading LavaSrc plugin...
2025-12-11T15:22:05.904Z  WARN 34495 --- [Lavalink] [main] ConfigServletWebServerApplicationContext : Exception encountered during context initialization - cancelling refresh attempt: org.springframework.beans.factory.UnsatisfiedDependencyException: Error creating bean with name 'youtubeRestHandler' defined in URL [jar:file:/workspaces/lavalink-server/plugins/youtube-plugin-1.11.2.jar!/dev/lavalink/youtube/plugin/YoutubeRestHandler.class]: Unsatisfied dependency expressed through constructor parameter 0: Error creating bean with name 'audioPlayerManagerSupplier' defined in class path resource [lavalink/server/config/AudioPlayerConfiguration.class]: Unsatisfied dependency expressed through method 'audioPlayerManagerSupplier' parameter 4: Error creating bean with name 'lavaSrcPlugin' defined in URL [jar:file:/workspaces/lavalink-server/plugins/lavasrc-plugin-4.3.0.jar!/com/github/topi314/lavasrc/plugin/LavaSrcPlugin.class]: Failed to instantiate [com.github.topi314.lavasrc.plugin.LavaSrcPlugin]: Constructor threw exception
2025-12-11T15:22:05.907Z ERROR 34495 --- [Lavalink] [main] lavalink.server.Launcher                 : Application failed

org.springframework.beans.factory.UnsatisfiedDependencyException: Error creating bean with name 'youtubeRestHandler' defined in URL [jar:file:/workspaces/lavalink-server/plugins/youtube-plugin-1.11.2.jar!/dev/lavalink/youtube/plugin/YoutubeRestHandler.class]: Unsatisfied dependency expressed through constructor parameter 0: Error creating bean with name 'audioPlayerManagerSupplier' defined in class path resource [lavalink/server/config/AudioPlayerConfiguration.class]: Unsatisfied dependency expressed through method 'audioPlayerManagerSupplier' parameter 4: Error creating bean with name 'lavaSrcPlugin' defined in URL [jar:file:/workspaces/lavalink-server/plugins/lavasrc-plugin-4.3.0.jar!/com/github/topi314/lavasrc/plugin/LavaSrcPlugin.class]: Failed to instantiate [com.github.topi314.lavasrc.plugin.LavaSrcPlugin]: Constructor threw exception
	at org.springframework.beans.factory.support.ConstructorResolver.createArgumentArray(ConstructorResolver.java:795) ~[spring-beans-6.1.9.jar!/:6.1.9]
	at org.springframework.beans.factory.support.ConstructorResolver.autowireConstructor(ConstructorResolver.java:237) ~[spring-beans-6.1.9.jar!/:6.1.9]
	at org.springframework.beans.factory.support.AbstractAutowireCapableBeanFactory.autowireConstructor(AbstractAutowireCapableBeanFactory.java:1357) ~[spring-beans-6.1.9.jar!/:6.1.9]
	at org.springframework.beans.factory.support.AbstractAutowireCapableBeanFactory.createBeanInstance(AbstractAutowireCapableBeanFactory.java:1194) ~[spring-beans-6.1.9.jar!/:6.1.9]
	at org.springframework.beans.factory.support.AbstractAutowireCapableBeanFactory.doCreateBean(AbstractAutowireCapableBeanFactory.java:562) ~[spring-beans-6.1.9.jar!/:6.1.9]
	at org.springframework.beans.factory.support.AbstractAutowireCapableBeanFactory.createBean(AbstractAutowireCapableBeanFactory.java:522) ~[spring-beans-6.1.9.jar!/:6.1.9]
	at org.springframework.beans.factory.support.AbstractBeanFactory.lambda$doGetBean$0(AbstractBeanFactory.java:337) ~[spring-beans-6.1.9.jar!/:6.1.9]
	at org.springframework.beans.factory.support.DefaultSingletonBeanRegistry.getSingleton(DefaultSingletonBeanRegistry.java:234) ~[spring-beans-6.1.9.jar!/:6.1.9]
	at org.springframework.beans.factory.support.AbstractBeanFactory.doGetBean(AbstractBeanFactory.java:335) ~[spring-beans-6.1.9.jar!/:6.1.9]
	at org.springframework.beans.factory.support.AbstractBeanFactory.getBean(AbstractBeanFactory.java:200) ~[spring-beans-6.1.9.jar!/:6.1.9]
	at org.springframework.beans.factory.support.DefaultListableBeanFactory.preInstantiateSingletons(DefaultListableBeanFactory.java:975) ~[spring-beans-6.1.9.jar!/:6.1.9]
	at org.springframework.context.support.AbstractApplicationContext.finishBeanFactoryInitialization(AbstractApplicationContext.java:962) ~[spring-context-6.1.9.jar!/:6.1.9]
	at org.springframework.context.support.AbstractApplicationContext.refresh(AbstractApplicationContext.java:624) ~[spring-context-6.1.9.jar!/:6.1.9]
	at org.springframework.boot.web.servlet.context.ServletWebServerApplicationContext.refresh(ServletWebServerApplicationContext.java:146) ~[spring-boot-3.3.0.jar!/:3.3.0]
	at org.springframework.boot.SpringApplication.refresh(SpringApplication.java:754) ~[spring-boot-3.3.0.jar!/:3.3.0]
	at org.springframework.boot.SpringApplication.refreshContext(SpringApplication.java:456) ~[spring-boot-3.3.0.jar!/:3.3.0]
	at org.springframework.boot.SpringApplication.run(SpringApplication.java:335) ~[spring-boot-3.3.0.jar!/:3.3.0]
	at org.springframework.boot.builder.SpringApplicationBuilder.run(SpringApplicationBuilder.java:149) ~[spring-boot-3.3.0.jar!/:3.3.0]
	at lavalink.server.Launcher.launchMain(Launcher.kt:164) ~[classes!/:4.0.8]
	at lavalink.server.Launcher.main(Launcher.kt:126) ~[classes!/:4.0.8]
	at java.base/jdk.internal.reflect.DirectMethodHandleAccessor.invoke(DirectMethodHandleAccessor.java:103) ~[na:na]
	at java.base/java.lang.reflect.Method.invoke(Method.java:580) ~[na:na]
	at org.springframework.boot.loader.MainMethodRunner.run(MainMethodRunner.java:49) ~[Lavalink.jar:4.0.8]
	at org.springframework.boot.loader.Launcher.launch(Launcher.java:95) ~[Lavalink.jar:4.0.8]
	at org.springframework.boot.loader.Launcher.launch(Launcher.java:58) ~[Lavalink.jar:4.0.8]
	at org.springframework.boot.loader.JarLauncher.main(JarLauncher.java:65) ~[Lavalink.jar:4.0.8]
Caused by: org.springframework.beans.factory.UnsatisfiedDependencyException: Error creating bean with name 'audioPlayerManagerSupplier' defined in class path resource [lavalink/server/config/AudioPlayerConfiguration.class]: Unsatisfied dependency expressed through method 'audioPlayerManagerSupplier' parameter 4: Error creating bean with name 'lavaSrcPlugin' defined in URL [jar:file:/workspaces/lavalink-server/plugins/lavasrc-plugin-4.3.0.jar!/com/github/topi314/lavasrc/plugin/LavaSrcPlugin.class]: Failed to instantiate [com.github.topi314.lavasrc.plugin.LavaSrcPlugin]: Constructor threw exception
	at org.springframework.beans.factory.support.ConstructorResolver.createArgumentArray(ConstructorResolver.java:795) ~[spring-beans-6.1.9.jar!/:6.1.9]
	at org.springframework.beans.factory.support.ConstructorResolver.instantiateUsingFactoryMethod(ConstructorResolver.java:542) ~[spring-beans-6.1.9.jar!/:6.1.9]
	at org.springframework.beans.factory.support.AbstractAutowireCapableBeanFactory.instantiateUsingFactoryMethod(AbstractAutowireCapableBeanFactory.java:1337) ~[spring-beans-6.1.9.jar!/:6.1.9]
	at org.springframework.beans.factory.support.AbstractAutowireCapableBeanFactory.createBeanInstance(AbstractAutowireCapableBeanFactory.java:1167) ~[spring-beans-6.1.9.jar!/:6.1.9]
	at org.springframework.beans.factory.support.AbstractAutowireCapableBeanFactory.doCreateBean(AbstractAutowireCapableBeanFactory.java:562) ~[spring-beans-6.1.9.jar!/:6.1.9]
	at org.springframework.beans.factory.support.AbstractAutowireCapableBeanFactory.createBean(AbstractAutowireCapableBeanFactory.java:522) ~[spring-beans-6.1.9.jar!/:6.1.9]
	at org.springframework.beans.factory.support.AbstractBeanFactory.lambda$doGetBean$0(AbstractBeanFactory.java:337) ~[spring-beans-6.1.9.jar!/:6.1.9]
	at org.springframework.beans.factory.support.DefaultSingletonBeanRegistry.getSingleton(DefaultSingletonBeanRegistry.java:234) ~[spring-beans-6.1.9.jar!/:6.1.9]
	at org.springframework.beans.factory.support.AbstractBeanFactory.doGetBean(AbstractBeanFactory.java:335) ~[spring-beans-6.1.9.jar!/:6.1.9]
	at org.springframework.beans.factory.support.AbstractBeanFactory.getBean(AbstractBeanFactory.java:200) ~[spring-beans-6.1.9.jar!/:6.1.9]
	at org.springframework.beans.factory.config.DependencyDescriptor.resolveCandidate(DependencyDescriptor.java:254) ~[spring-beans-6.1.9.jar!/:6.1.9]
	at org.springframework.beans.factory.support.DefaultListableBeanFactory.doResolveDependency(DefaultListableBeanFactory.java:1443) ~[spring-beans-6.1.9.jar!/:6.1.9]
	at org.springframework.beans.factory.support.DefaultListableBeanFactory.resolveDependency(DefaultListableBeanFactory.java:1353) ~[spring-beans-6.1.9.jar!/:6.1.9]
	at org.springframework.beans.factory.support.ConstructorResolver.resolveAutowiredArgument(ConstructorResolver.java:904) ~[spring-beans-6.1.9.jar!/:6.1.9]
	at org.springframework.beans.factory.support.ConstructorResolver.createArgumentArray(ConstructorResolver.java:782) ~[spring-beans-6.1.9.jar!/:6.1.9]
	... 25 common frames omitted
Caused by: org.springframework.beans.factory.BeanCreationException: Error creating bean with name 'lavaSrcPlugin' defined in URL [jar:file:/workspaces/lavalink-server/plugins/lavasrc-plugin-4.3.0.jar!/com/github/topi314/lavasrc/plugin/LavaSrcPlugin.class]: Failed to instantiate [com.github.topi314.lavasrc.plugin.LavaSrcPlugin]: Constructor threw exception
	at org.springframework.beans.factory.support.ConstructorResolver.instantiate(ConstructorResolver.java:318) ~[spring-beans-6.1.9.jar!/:6.1.9]
	at org.springframework.beans.factory.support.ConstructorResolver.autowireConstructor(ConstructorResolver.java:306) ~[spring-beans-6.1.9.jar!/:6.1.9]
	at org.springframework.beans.factory.support.AbstractAutowireCapableBeanFactory.autowireConstructor(AbstractAutowireCapableBeanFactory.java:1357) ~[spring-beans-6.1.9.jar!/:6.1.9]
	at org.springframework.beans.factory.support.AbstractAutowireCapableBeanFactory.createBeanInstance(AbstractAutowireCapableBeanFactory.java:1194) ~[spring-beans-6.1.9.jar!/:6.1.9]
	at org.springframework.beans.factory.support.AbstractAutowireCapableBeanFactory.doCreateBean(AbstractAutowireCapableBeanFactory.java:562) ~[spring-beans-6.1.9.jar!/:6.1.9]
	at org.springframework.beans.factory.support.AbstractAutowireCapableBeanFactory.createBean(AbstractAutowireCapableBeanFactory.java:522) ~[spring-beans-6.1.9.jar!/:6.1.9]
	at org.springframework.beans.factory.support.AbstractBeanFactory.lambda$doGetBean$0(AbstractBeanFactory.java:337) ~[spring-beans-6.1.9.jar!/:6.1.9]
	at org.springframework.beans.factory.support.DefaultSingletonBeanRegistry.getSingleton(DefaultSingletonBeanRegistry.java:234) ~[spring-beans-6.1.9.jar!/:6.1.9]
	at org.springframework.beans.factory.support.AbstractBeanFactory.doGetBean(AbstractBeanFactory.java:335) ~[spring-beans-6.1.9.jar!/:6.1.9]
	at org.springframework.beans.factory.support.AbstractBeanFactory.getBean(AbstractBeanFactory.java:200) ~[spring-beans-6.1.9.jar!/:6.1.9]
	at org.springframework.beans.factory.config.DependencyDescriptor.resolveCandidate(DependencyDescriptor.java:254) ~[spring-beans-6.1.9.jar!/:6.1.9]
	at org.springframework.beans.factory.support.DefaultListableBeanFactory.addCandidateEntry(DefaultListableBeanFactory.java:1689) ~[spring-beans-6.1.9.jar!/:6.1.9]
	at org.springframework.beans.factory.support.DefaultListableBeanFactory.findAutowireCandidates(DefaultListableBeanFactory.java:1653) ~[spring-beans-6.1.9.jar!/:6.1.9]
	at org.springframework.beans.factory.support.DefaultListableBeanFactory.resolveMultipleBeanCollection(DefaultListableBeanFactory.java:1543) ~[spring-beans-6.1.9.jar!/:6.1.9]
	at org.springframework.beans.factory.support.DefaultListableBeanFactory.resolveMultipleBeans(DefaultListableBeanFactory.java:1511) ~[spring-beans-6.1.9.jar!/:6.1.9]
	at org.springframework.beans.factory.support.DefaultListableBeanFactory.doResolveDependency(DefaultListableBeanFactory.java:1392) ~[spring-beans-6.1.9.jar!/:6.1.9]
	at org.springframework.beans.factory.support.DefaultListableBeanFactory.resolveDependency(DefaultListableBeanFactory.java:1353) ~[spring-beans-6.1.9.jar!/:6.1.9]
	at org.springframework.beans.factory.support.ConstructorResolver.resolveAutowiredArgument(ConstructorResolver.java:904) ~[spring-beans-6.1.9.jar!/:6.1.9]
	at org.springframework.beans.factory.support.ConstructorResolver.createArgumentArray(ConstructorResolver.java:782) ~[spring-beans-6.1.9.jar!/:6.1.9]
	... 39 common frames omitted
Caused by: org.springframework.beans.BeanInstantiationException: Failed to instantiate [com.github.topi314.lavasrc.plugin.LavaSrcPlugin]: Constructor threw exception
	at org.springframework.beans.BeanUtils.instantiateClass(BeanUtils.java:221) ~[spring-beans-6.1.9.jar!/:6.1.9]
	at org.springframework.beans.factory.support.SimpleInstantiationStrategy.instantiate(SimpleInstantiationStrategy.java:111) ~[spring-beans-6.1.9.jar!/:6.1.9]
	at org.springframework.beans.factory.support.ConstructorResolver.instantiate(ConstructorResolver.java:315) ~[spring-beans-6.1.9.jar!/:6.1.9]
	... 57 common frames omitted
Caused by: java.lang.IllegalArgumentException: Yandex Music accessToken must be set
	at com.github.topi314.lavasrc.yandexmusic.YandexMusicSourceManager.<init>(YandexMusicSourceManager.java:64) ~[na:na]
	at com.github.topi314.lavasrc.plugin.LavaSrcPlugin.<init>(LavaSrcPlugin.java:77) ~[na:na]
	at java.base/jdk.internal.reflect.DirectConstructorHandleAccessor.newInstance(DirectConstructorHandleAccessor.java:62) ~[na:na]
	at java.base/java.lang.reflect.Constructor.newInstanceWithCaller(Constructor.java:502) ~[na:na]
	at java.base/java.lang.reflect.Constructor.newInstance(Constructor.java:486) ~[na:na]
	at org.springframework.beans.BeanUtils.instantiateClass(BeanUtils.java:208) ~[spring-beans-6.1.9.jar!/:6.1.9]
	... 59 common frames omitted

2025-12-11T15:22:05.920Z  INFO 34495 --- [Lavalink] [main] .s.b.a.l.ConditionEvaluationReportLogger : 

Error starting ApplicationContext. To display the condition evaluation report re-run your application with 'debug' enabled.
2025-12-11T15:22:05.960Z ERROR 34495 --- [Lavalink] [main] o.s.boot.SpringApplication               : Application run failed

org.springframework.beans.factory.UnsatisfiedDependencyException: Error creating bean with name 'youtubeRestHandler' defined in URL [jar:file:/workspaces/lavalink-server/plugins/youtube-plugin-1.11.2.jar!/dev/lavalink/youtube/plugin/YoutubeRestHandler.class]: Unsatisfied dependency expressed through constructor parameter 0: Error creating bean with name 'audioPlayerManagerSupplier' defined in class path resource [lavalink/server/config/AudioPlayerConfiguration.class]: Unsatisfied dependency expressed through method 'audioPlayerManagerSupplier' parameter 4: Error creating bean with name 'lavaSrcPlugin' defined in URL [jar:file:/workspaces/lavalink-server/plugins/lavasrc-plugin-4.3.0.jar!/com/github/topi314/lavasrc/plugin/LavaSrcPlugin.class]: Failed to instantiate [com.github.topi314.lavasrc.plugin.LavaSrcPlugin]: Constructor threw exception
	at org.springframework.beans.factory.support.ConstructorResolver.createArgumentArray(ConstructorResolver.java:795) ~[spring-beans-6.1.9.jar!/:6.1.9]
	at org.springframework.beans.factory.support.ConstructorResolver.autowireConstructor(ConstructorResolver.java:237) ~[spring-beans-6.1.9.jar!/:6.1.9]
	at org.springframework.beans.factory.support.AbstractAutowireCapableBeanFactory.autowireConstructor(AbstractAutowireCapableBeanFactory.java:1357) ~[spring-beans-6.1.9.jar!/:6.1.9]
	at org.springframework.beans.factory.support.AbstractAutowireCapableBeanFactory.createBeanInstance(AbstractAutowireCapableBeanFactory.java:1194) ~[spring-beans-6.1.9.jar!/:6.1.9]
	at org.springframework.beans.factory.support.AbstractAutowireCapableBeanFactory.doCreateBean(AbstractAutowireCapableBeanFactory.java:562) ~[spring-beans-6.1.9.jar!/:6.1.9]
	at org.springframework.beans.factory.support.AbstractAutowireCapableBeanFactory.createBean(AbstractAutowireCapableBeanFactory.java:522) ~[spring-beans-6.1.9.jar!/:6.1.9]
	at org.springframework.beans.factory.support.AbstractBeanFactory.lambda$doGetBean$0(AbstractBeanFactory.java:337) ~[spring-beans-6.1.9.jar!/:6.1.9]
	at org.springframework.beans.factory.support.DefaultSingletonBeanRegistry.getSingleton(DefaultSingletonBeanRegistry.java:234) ~[spring-beans-6.1.9.jar!/:6.1.9]
	at org.springframework.beans.factory.support.AbstractBeanFactory.doGetBean(AbstractBeanFactory.java:335) ~[spring-beans-6.1.9.jar!/:6.1.9]
	at org.springframework.beans.factory.support.AbstractBeanFactory.getBean(AbstractBeanFactory.java:200) ~[spring-beans-6.1.9.jar!/:6.1.9]
	at org.springframework.beans.factory.support.DefaultListableBeanFactory.preInstantiateSingletons(DefaultListableBeanFactory.java:975) ~[spring-beans-6.1.9.jar!/:6.1.9]
	at org.springframework.context.support.AbstractApplicationContext.finishBeanFactoryInitialization(AbstractApplicationContext.java:962) ~[spring-context-6.1.9.jar!/:6.1.9]
	at org.springframework.context.support.AbstractApplicationContext.refresh(AbstractApplicationContext.java:624) ~[spring-context-6.1.9.jar!/:6.1.9]
	at org.springframework.boot.web.servlet.context.ServletWebServerApplicationContext.refresh(ServletWebServerApplicationContext.java:146) ~[spring-boot-3.3.0.jar!/:3.3.0]
	at org.springframework.boot.SpringApplication.refresh(SpringApplication.java:754) ~[spring-boot-3.3.0.jar!/:3.3.0]
	at org.springframework.boot.SpringApplication.refreshContext(SpringApplication.java:456) ~[spring-boot-3.3.0.jar!/:3.3.0]
	at org.springframework.boot.SpringApplication.run(SpringApplication.java:335) ~[spring-boot-3.3.0.jar!/:3.3.0]
	at org.springframework.boot.builder.SpringApplicationBuilder.run(SpringApplicationBuilder.java:149) ~[spring-boot-3.3.0.jar!/:3.3.0]
	at lavalink.server.Launcher.launchMain(Launcher.kt:164) ~[classes!/:4.0.8]
	at lavalink.server.Launcher.main(Launcher.kt:126) ~[classes!/:4.0.8]
	at java.base/jdk.internal.reflect.DirectMethodHandleAccessor.invoke(DirectMethodHandleAccessor.java:103) ~[na:na]
	at java.base/java.lang.reflect.Method.invoke(Method.java:580) ~[na:na]
	at org.springframework.boot.loader.MainMethodRunner.run(MainMethodRunner.java:49) ~[Lavalink.jar:4.0.8]
	at org.springframework.boot.loader.Launcher.launch(Launcher.java:95) ~[Lavalink.jar:4.0.8]
	at org.springframework.boot.loader.Launcher.launch(Launcher.java:58) ~[Lavalink.jar:4.0.8]
	at org.springframework.boot.loader.JarLauncher.main(JarLauncher.java:65) ~[Lavalink.jar:4.0.8]
Caused by: org.springframework.beans.factory.UnsatisfiedDependencyException: Error creating bean with name 'audioPlayerManagerSupplier' defined in class path resource [lavalink/server/config/AudioPlayerConfiguration.class]: Unsatisfied dependency expressed through method 'audioPlayerManagerSupplier' parameter 4: Error creating bean with name 'lavaSrcPlugin' defined in URL [jar:file:/workspaces/lavalink-server/plugins/lavasrc-plugin-4.3.0.jar!/com/github/topi314/lavasrc/plugin/LavaSrcPlugin.class]: Failed to instantiate [com.github.topi314.lavasrc.plugin.LavaSrcPlugin]: Constructor threw exception
	at org.springframework.beans.factory.support.ConstructorResolver.createArgumentArray(ConstructorResolver.java:795) ~[spring-beans-6.1.9.jar!/:6.1.9]
	at org.springframework.beans.factory.support.ConstructorResolver.instantiateUsingFactoryMethod(ConstructorResolver.java:542) ~[spring-beans-6.1.9.jar!/:6.1.9]
	at org.springframework.beans.factory.support.AbstractAutowireCapableBeanFactory.instantiateUsingFactoryMethod(AbstractAutowireCapableBeanFactory.java:1337) ~[spring-beans-6.1.9.jar!/:6.1.9]
	at org.springframework.beans.factory.support.AbstractAutowireCapableBeanFactory.createBeanInstance(AbstractAutowireCapableBeanFactory.java:1167) ~[spring-beans-6.1.9.jar!/:6.1.9]
	at org.springframework.beans.factory.support.AbstractAutowireCapableBeanFactory.doCreateBean(AbstractAutowireCapableBeanFactory.java:562) ~[spring-beans-6.1.9.jar!/:6.1.9]
	at org.springframework.beans.factory.support.AbstractAutowireCapableBeanFactory.createBean(AbstractAutowireCapableBeanFactory.java:522) ~[spring-beans-6.1.9.jar!/:6.1.9]
	at org.springframework.beans.factory.support.AbstractBeanFactory.lambda$doGetBean$0(AbstractBeanFactory.java:337) ~[spring-beans-6.1.9.jar!/:6.1.9]
	at org.springframework.beans.factory.support.DefaultSingletonBeanRegistry.getSingleton(DefaultSingletonBeanRegistry.java:234) ~[spring-beans-6.1.9.jar!/:6.1.9]
	at org.springframework.beans.factory.support.AbstractBeanFactory.doGetBean(AbstractBeanFactory.java:335) ~[spring-beans-6.1.9.jar!/:6.1.9]
	at org.springframework.beans.factory.support.AbstractBeanFactory.getBean(AbstractBeanFactory.java:200) ~[spring-beans-6.1.9.jar!/:6.1.9]
	at org.springframework.beans.factory.config.DependencyDescriptor.resolveCandidate(DependencyDescriptor.java:254) ~[spring-beans-6.1.9.jar!/:6.1.9]
	at org.springframework.beans.factory.support.DefaultListableBeanFactory.doResolveDependency(DefaultListableBeanFactory.java:1443) ~[spring-beans-6.1.9.jar!/:6.1.9]
	at org.springframework.beans.factory.support.DefaultListableBeanFactory.resolveDependency(DefaultListableBeanFactory.java:1353) ~[spring-beans-6.1.9.jar!/:6.1.9]
	at org.springframework.beans.factory.support.ConstructorResolver.resolveAutowiredArgument(ConstructorResolver.java:904) ~[spring-beans-6.1.9.jar!/:6.1.9]
	at org.springframework.beans.factory.support.ConstructorResolver.createArgumentArray(ConstructorResolver.java:782) ~[spring-beans-6.1.9.jar!/:6.1.9]
	... 25 common frames omitted
Caused by: org.springframework.beans.factory.BeanCreationException: Error creating bean with name 'lavaSrcPlugin' defined in URL [jar:file:/workspaces/lavalink-server/plugins/lavasrc-plugin-4.3.0.jar!/com/github/topi314/lavasrc/plugin/LavaSrcPlugin.class]: Failed to instantiate [com.github.topi314.lavasrc.plugin.LavaSrcPlugin]: Constructor threw exception
	at org.springframework.beans.factory.support.ConstructorResolver.instantiate(ConstructorResolver.java:318) ~[spring-beans-6.1.9.jar!/:6.1.9]
	at org.springframework.beans.factory.support.ConstructorResolver.autowireConstructor(ConstructorResolver.java:306) ~[spring-beans-6.1.9.jar!/:6.1.9]
	at org.springframework.beans.factory.support.AbstractAutowireCapableBeanFactory.autowireConstructor(AbstractAutowireCapableBeanFactory.java:1357) ~[spring-beans-6.1.9.jar!/:6.1.9]
	at org.springframework.beans.factory.support.AbstractAutowireCapableBeanFactory.createBeanInstance(AbstractAutowireCapableBeanFactory.java:1194) ~[spring-beans-6.1.9.jar!/:6.1.9]
	at org.springframework.beans.factory.support.AbstractAutowireCapableBeanFactory.doCreateBean(AbstractAutowireCapableBeanFactory.java:562) ~[spring-beans-6.1.9.jar!/:6.1.9]
	at org.springframework.beans.factory.support.AbstractAutowireCapableBeanFactory.createBean(AbstractAutowireCapableBeanFactory.java:522) ~[spring-beans-6.1.9.jar!/:6.1.9]
	at org.springframework.beans.factory.support.AbstractBeanFactory.lambda$doGetBean$0(AbstractBeanFactory.java:337) ~[spring-beans-6.1.9.jar!/:6.1.9]
	at org.springframework.beans.factory.support.DefaultSingletonBeanRegistry.getSingleton(DefaultSingletonBeanRegistry.java:234) ~[spring-beans-6.1.9.jar!/:6.1.9]
	at org.springframework.beans.factory.support.AbstractBeanFactory.doGetBean(AbstractBeanFactory.java:335) ~[spring-beans-6.1.9.jar!/:6.1.9]
	at org.springframework.beans.factory.support.AbstractBeanFactory.getBean(AbstractBeanFactory.java:200) ~[spring-beans-6.1.9.jar!/:6.1.9]
	at org.springframework.beans.factory.config.DependencyDescriptor.resolveCandidate(DependencyDescriptor.java:254) ~[spring-beans-6.1.9.jar!/:6.1.9]
	at org.springframework.beans.factory.support.DefaultListableBeanFactory.addCandidateEntry(DefaultListableBeanFactory.java:1689) ~[spring-beans-6.1.9.jar!/:6.1.9]
	at org.springframework.beans.factory.support.DefaultListableBeanFactory.findAutowireCandidates(DefaultListableBeanFactory.java:1653) ~[spring-beans-6.1.9.jar!/:6.1.9]
	at org.springframework.beans.factory.support.DefaultListableBeanFactory.resolveMultipleBeanCollection(DefaultListableBeanFactory.java:1543) ~[spring-beans-6.1.9.jar!/:6.1.9]
	at org.springframework.beans.factory.support.DefaultListableBeanFactory.resolveMultipleBeans(DefaultListableBeanFactory.java:1511) ~[spring-beans-6.1.9.jar!/:6.1.9]
	at org.springframework.beans.factory.support.DefaultListableBeanFactory.doResolveDependency(DefaultListableBeanFactory.java:1392) ~[spring-beans-6.1.9.jar!/:6.1.9]
	at org.springframework.beans.factory.support.DefaultListableBeanFactory.resolveDependency(DefaultListableBeanFactory.java:1353) ~[spring-beans-6.1.9.jar!/:6.1.9]
	at org.springframework.beans.factory.support.ConstructorResolver.resolveAutowiredArgument(ConstructorResolver.java:904) ~[spring-beans-6.1.9.jar!/:6.1.9]
	at org.springframework.beans.factory.support.ConstructorResolver.createArgumentArray(ConstructorResolver.java:782) ~[spring-beans-6.1.9.jar!/:6.1.9]
	... 39 common frames omitted
Caused by: org.springframework.beans.BeanInstantiationException: Failed to instantiate [com.github.topi314.lavasrc.plugin.LavaSrcPlugin]: Constructor threw exception
	at org.springframework.beans.BeanUtils.instantiateClass(BeanUtils.java:221) ~[spring-beans-6.1.9.jar!/:6.1.9]
	at org.springframework.beans.factory.support.SimpleInstantiationStrategy.instantiate(SimpleInstantiationStrategy.java:111) ~[spring-beans-6.1.9.jar!/:6.1.9]
	at org.springframework.beans.factory.support.ConstructorResolver.instantiate(ConstructorResolver.java:315) ~[spring-beans-6.1.9.jar!/:6.1.9]
	... 57 common frames omitted
Caused by: java.lang.IllegalArgumentException: Yandex Music accessToken must be set
	at com.github.topi314.lavasrc.yandexmusic.YandexMusicSourceManager.<init>(YandexMusicSourceManager.java:64) ~[na:na]
	at com.github.topi314.lavasrc.plugin.LavaSrcPlugin.<init>(LavaSrcPlugin.java:77) ~[na:na]
	at java.base/jdk.internal.reflect.DirectConstructorHandleAccessor.newInstance(DirectConstructorHandleAccessor.java:62) ~[na:na]
	at java.base/java.lang.reflect.Constructor.newInstanceWithCaller(Constructor.java:502) ~[na:na]
	at java.base/java.lang.reflect.Constructor.newInstance(Constructor.java:486) ~[na:na]
	at org.springframework.beans.BeanUtils.instantiateClass(BeanUtils.java:208) ~[spring-beans-6.1.9.jar!/:6.1.9]
	... 59 common frames omitted

